c:\users\apaar\dropbox\c utilities\single file projects\tiny\tiny\debug\vc140.pdb
c:\users\apaar\dropbox\c utilities\single file projects\tiny\tiny\debug\vc140.idb
c:\users\apaar\dropbox\c utilities\single file projects\tiny\tiny\debug\dict.obj
c:\users\apaar\dropbox\c utilities\single file projects\tiny\tiny\debug\iniparser.obj
c:\users\apaar\dropbox\c utilities\single file projects\tiny\tiny\debug\tiny.obj
c:\users\apaar\dropbox\c utilities\single file projects\tiny\tiny\debug\tinystd.obj
c:\users\apaar\dropbox\c utilities\single file projects\tiny\tiny\debug\array.obj
c:\users\apaar\dropbox\c utilities\single file projects\tiny\tiny\debug\test.obj
c:\users\apaar\dropbox\c utilities\single file projects\tiny\debug\tiny.pdb
c:\users\apaar\dropbox\c utilities\single file projects\tiny\tiny\debug\tiny.tlog\cl.command.1.tlog
c:\users\apaar\dropbox\c utilities\single file projects\tiny\tiny\debug\tiny.tlog\cl.read.1.tlog
c:\users\apaar\dropbox\c utilities\single file projects\tiny\tiny\debug\tiny.tlog\cl.write.1.tlog
c:\users\apaar\dropbox\c utilities\single file projects\tiny\tiny\debug\tiny.tlog\link.22044-cvtres.read.1.tlog
c:\users\apaar\dropbox\c utilities\single file projects\tiny\tiny\debug\tiny.tlog\link.22044-cvtres.write.1.tlog
c:\users\apaar\dropbox\c utilities\single file projects\tiny\tiny\debug\tiny.tlog\link.22044-rc.read.1.tlog
c:\users\apaar\dropbox\c utilities\single file projects\tiny\tiny\debug\tiny.tlog\link.22044-rc.write.1.tlog
c:\users\apaar\dropbox\c utilities\single file projects\tiny\tiny\debug\tiny.tlog\link.22044.read.1.tlog
c:\users\apaar\dropbox\c utilities\single file projects\tiny\tiny\debug\tiny.tlog\link.22044.write.1.tlog
c:\users\apaar\dropbox\c utilities\single file projects\tiny\tiny\debug\tiny.tlog\link.command.1.tlog
c:\users\apaar\dropbox\c utilities\single file projects\tiny\tiny\debug\tiny.tlog\link.read.1.tlog
c:\users\apaar\dropbox\c utilities\single file projects\tiny\tiny\debug\tiny.tlog\link.write.1.tlog
