  tiny.c
c:\users\apaar\dropbox\c utilities\single file projects\tiny\tiny\tiny.c(76): error C2039: 'gcHead': is not a member of 'Tiny_State'
  c:\users\apaar\dropbox\c utilities\single file projects\tiny\tiny\tiny_detail.h(117): note: see declaration of 'Tiny_State'
c:\users\apaar\dropbox\c utilities\single file projects\tiny\tiny\tiny.c(82): error C2039: 'numObjects': is not a member of 'Tiny_State'
  c:\users\apaar\dropbox\c utilities\single file projects\tiny\tiny\tiny_detail.h(117): note: see declaration of 'Tiny_State'
c:\users\apaar\dropbox\c utilities\single file projects\tiny\tiny\tiny.c(98): error C2039: 'maxNumObjects': is not a member of 'Tiny_State'
  c:\users\apaar\dropbox\c utilities\single file projects\tiny\tiny\tiny_detail.h(117): note: see declaration of 'Tiny_State'
c:\users\apaar\dropbox\c utilities\single file projects\tiny\tiny\tiny.c(98): error C2039: 'numObjects': is not a member of 'Tiny_State'
  c:\users\apaar\dropbox\c utilities\single file projects\tiny\tiny\tiny_detail.h(117): note: see declaration of 'Tiny_State'
c:\users\apaar\dropbox\c utilities\single file projects\tiny\tiny\tiny.c(106): error C2039: 'gcHead': is not a member of 'Tiny_State'
  c:\users\apaar\dropbox\c utilities\single file projects\tiny\tiny\tiny_detail.h(117): note: see declaration of 'Tiny_State'
c:\users\apaar\dropbox\c utilities\single file projects\tiny\tiny\tiny.c(107): error C2039: 'gcHead': is not a member of 'Tiny_State'
  c:\users\apaar\dropbox\c utilities\single file projects\tiny\tiny\tiny_detail.h(117): note: see declaration of 'Tiny_State'
c:\users\apaar\dropbox\c utilities\single file projects\tiny\tiny\tiny.c(110): error C2039: 'numObjects': is not a member of 'Tiny_State'
  c:\users\apaar\dropbox\c utilities\single file projects\tiny\tiny\tiny_detail.h(117): note: see declaration of 'Tiny_State'
c:\users\apaar\dropbox\c utilities\single file projects\tiny\tiny\tiny.c(261): error C2039: 'numNumbers': is not a member of 'Tiny_State'
  c:\users\apaar\dropbox\c utilities\single file projects\tiny\tiny\tiny_detail.h(117): note: see declaration of 'Tiny_State'
c:\users\apaar\dropbox\c utilities\single file projects\tiny\tiny\tiny.c(262): error C2039: 'numbers': is not a member of 'Tiny_State'
  c:\users\apaar\dropbox\c utilities\single file projects\tiny\tiny\tiny_detail.h(117): note: see declaration of 'Tiny_State'
c:\users\apaar\dropbox\c utilities\single file projects\tiny\tiny\tiny.c(264): error C2039: 'numStrings': is not a member of 'Tiny_State'
  c:\users\apaar\dropbox\c utilities\single file projects\tiny\tiny\tiny_detail.h(117): note: see declaration of 'Tiny_State'
c:\users\apaar\dropbox\c utilities\single file projects\tiny\tiny\tiny.c(265): error C2039: 'strings': is not a member of 'Tiny_State'
  c:\users\apaar\dropbox\c utilities\single file projects\tiny\tiny\tiny_detail.h(117): note: see declaration of 'Tiny_State'
c:\users\apaar\dropbox\c utilities\single file projects\tiny\tiny\tiny.c(282): error C2039: 'numbers': is not a member of 'Tiny_State'
  c:\users\apaar\dropbox\c utilities\single file projects\tiny\tiny\tiny_detail.h(117): note: see declaration of 'Tiny_State'
c:\users\apaar\dropbox\c utilities\single file projects\tiny\tiny\tiny.c(282): error C2198: 'free': too few arguments for call
c:\users\apaar\dropbox\c utilities\single file projects\tiny\tiny\tiny.c(284): error C2039: 'numStrings': is not a member of 'Tiny_State'
  c:\users\apaar\dropbox\c utilities\single file projects\tiny\tiny\tiny_detail.h(117): note: see declaration of 'Tiny_State'
c:\users\apaar\dropbox\c utilities\single file projects\tiny\tiny\tiny.c(285): error C2039: 'strings': is not a member of 'Tiny_State'
  c:\users\apaar\dropbox\c utilities\single file projects\tiny\tiny\tiny_detail.h(117): note: see declaration of 'Tiny_State'
c:\users\apaar\dropbox\c utilities\single file projects\tiny\tiny\tiny.c(285): error C2198: 'free': too few arguments for call
c:\users\apaar\dropbox\c utilities\single file projects\tiny\tiny\tiny.c(286): error C2039: 'strings': is not a member of 'Tiny_State'
  c:\users\apaar\dropbox\c utilities\single file projects\tiny\tiny\tiny_detail.h(117): note: see declaration of 'Tiny_State'
c:\users\apaar\dropbox\c utilities\single file projects\tiny\tiny\tiny.c(286): error C2198: 'free': too few arguments for call
c:\users\apaar\dropbox\c utilities\single file projects\tiny\tiny\tiny.c(299): warning C4026: function declared with formal parameter list
c:\users\apaar\dropbox\c utilities\single file projects\tiny\tiny\tiny.c(300): error C2065: 'RetVal': undeclared identifier
c:\users\apaar\dropbox\c utilities\single file projects\tiny\tiny\tiny.c(300): error C2440: 'function': cannot convert from 'int' to 'Tiny_Value'
c:\users\apaar\dropbox\c utilities\single file projects\tiny\tiny\tiny.c(300): warning C4024: 'IsObject': different types for formal and actual parameter 1
c:\users\apaar\dropbox\c utilities\single file projects\tiny\tiny\tiny.c(301): error C2065: 'RetVal': undeclared identifier
c:\users\apaar\dropbox\c utilities\single file projects\tiny\tiny\tiny.c(301): error C2224: left of '.obj' must have struct/union type
c:\users\apaar\dropbox\c utilities\single file projects\tiny\tiny\tiny.c(301): error C2198: 'Tiny_Mark': too few arguments for call
c:\users\apaar\dropbox\c utilities\single file projects\tiny\tiny\tiny.c(303): error C2065: 'StackSize': undeclared identifier
c:\users\apaar\dropbox\c utilities\single file projects\tiny\tiny\tiny.c(305): error C2065: 'Stack': undeclared identifier
c:\users\apaar\dropbox\c utilities\single file projects\tiny\tiny\tiny.c(305): error C2109: subscript requires array or pointer type
c:\users\apaar\dropbox\c utilities\single file projects\tiny\tiny\tiny.c(305): error C2198: 'IsObject': too few arguments for call
c:\users\apaar\dropbox\c utilities\single file projects\tiny\tiny\tiny.c(306): error C2065: 'Stack': undeclared identifier
c:\users\apaar\dropbox\c utilities\single file projects\tiny\tiny\tiny.c(306): error C2109: subscript requires array or pointer type
c:\users\apaar\dropbox\c utilities\single file projects\tiny\tiny\tiny.c(306): error C2198: 'Tiny_Mark': too few arguments for call
c:\users\apaar\dropbox\c utilities\single file projects\tiny\tiny\tiny.c(309): error C2065: 'NumGlobalVars': undeclared identifier
c:\users\apaar\dropbox\c utilities\single file projects\tiny\tiny\tiny.c(311): error C2065: 'Stack': undeclared identifier
c:\users\apaar\dropbox\c utilities\single file projects\tiny\tiny\tiny.c(311): error C2109: subscript requires array or pointer type
c:\users\apaar\dropbox\c utilities\single file projects\tiny\tiny\tiny.c(311): error C2198: 'IsObject': too few arguments for call
c:\users\apaar\dropbox\c utilities\single file projects\tiny\tiny\tiny.c(312): error C2065: 'GlobalVars': undeclared identifier
c:\users\apaar\dropbox\c utilities\single file projects\tiny\tiny\tiny.c(312): error C2109: subscript requires array or pointer type
c:\users\apaar\dropbox\c utilities\single file projects\tiny\tiny\tiny.c(312): error C2198: 'Tiny_Mark': too few arguments for call
c:\users\apaar\dropbox\c utilities\single file projects\tiny\tiny\tiny.c(318): error C2065: 'ProgramLength': undeclared identifier
c:\users\apaar\dropbox\c utilities\single file projects\tiny\tiny\tiny.c(319): error C2065: 'Program': undeclared identifier
c:\users\apaar\dropbox\c utilities\single file projects\tiny\tiny\tiny.c(319): error C2065: 'ProgramLength': undeclared identifier
c:\users\apaar\dropbox\c utilities\single file projects\tiny\tiny\tiny.c(319): error C2109: subscript requires array or pointer type
c:\users\apaar\dropbox\c utilities\single file projects\tiny\tiny\tiny.c(333): error C2065: 'Program': undeclared identifier
c:\users\apaar\dropbox\c utilities\single file projects\tiny\tiny\tiny.c(333): error C2109: subscript requires array or pointer type
c:\users\apaar\dropbox\c utilities\single file projects\tiny\tiny\tiny.c(454): error C2065: 'CurrFunc': undeclared identifier
c:\users\apaar\dropbox\c utilities\single file projects\tiny\tiny\tiny.c(454): error C2223: left of '->func' must point to struct/union
c:\users\apaar\dropbox\c utilities\single file projects\tiny\tiny\tiny.c(487): warning C4090: 'function': different 'const' qualifiers
c:\users\apaar\dropbox\c utilities\single file projects\tiny\tiny\tiny.c(487): error C2198: 'ReferenceVariable': too few arguments for call
c:\users\apaar\dropbox\c utilities\single file projects\tiny\tiny\tiny.c(527): error C2065: 'CurrFunc': undeclared identifier
c:\users\apaar\dropbox\c utilities\single file projects\tiny\tiny\tiny.c(527): error C2223: left of '->name' must point to struct/union
c:\users\apaar\dropbox\c utilities\single file projects\tiny\tiny\tiny.c(527): warning C4473: 'fprintf' : not enough arguments passed for format string
  c:\users\apaar\dropbox\c utilities\single file projects\tiny\tiny\tiny.c(527): note: placeholders and their parameters expect 2 variadic arguments, but 1 were provided
  c:\users\apaar\dropbox\c utilities\single file projects\tiny\tiny\tiny.c(527): note: the missing variadic argument 2 is required by format string '%s'
c:\users\apaar\dropbox\c utilities\single file projects\tiny\tiny\tiny.c(561): error C2065: 'CurrFunc': undeclared identifier
c:\users\apaar\dropbox\c utilities\single file projects\tiny\tiny\tiny.c(561): error C2223: left of '->name' must point to struct/union
c:\users\apaar\dropbox\c utilities\single file projects\tiny\tiny\tiny.c(561): warning C4473: 'fprintf' : not enough arguments passed for format string
  c:\users\apaar\dropbox\c utilities\single file projects\tiny\tiny\tiny.c(561): note: placeholders and their parameters expect 2 variadic arguments, but 1 were provided
  c:\users\apaar\dropbox\c utilities\single file projects\tiny\tiny\tiny.c(561): note: the missing variadic argument 2 is required by format string '%s'
c:\users\apaar\dropbox\c utilities\single file projects\tiny\tiny\tiny.c(593): error C2065: 'CurrFunc': undeclared identifier
c:\users\apaar\dropbox\c utilities\single file projects\tiny\tiny\tiny.c(610): error C2065: 'NumFunctions': undeclared identifier
c:\users\apaar\dropbox\c utilities\single file projects\tiny\tiny\tiny.c(681): warning C4090: 'function': different 'const' qualifiers
c:\users\apaar\dropbox\c utilities\single file projects\tiny\tiny\tiny.c(681): warning C4047: 'function': 'const char *' differs in levels of indirection from 'int'
c:\users\apaar\dropbox\c utilities\single file projects\tiny\tiny\tiny.c(681): warning C4024: 'DeclareConst': different types for formal and actual parameter 2
c:\users\apaar\dropbox\c utilities\single file projects\tiny\tiny\tiny.c(681): error C2198: 'DeclareConst': too few arguments for call
c:\users\apaar\dropbox\c utilities\single file projects\tiny\tiny\tiny.c(686): warning C4090: 'function': different 'const' qualifiers
c:\users\apaar\dropbox\c utilities\single file projects\tiny\tiny\tiny.c(686): warning C4047: 'function': 'const char *' differs in levels of indirection from 'int'
c:\users\apaar\dropbox\c utilities\single file projects\tiny\tiny\tiny.c(686): warning C4024: 'DeclareConst': different types for formal and actual parameter 2
c:\users\apaar\dropbox\c utilities\single file projects\tiny\tiny\tiny.c(686): error C2198: 'DeclareConst': too few arguments for call
c:\users\apaar\dropbox\c utilities\single file projects\tiny\tiny\tiny.c(745): error C2065: 'Program': undeclared identifier
c:\users\apaar\dropbox\c utilities\single file projects\tiny\tiny\tiny.c(745): error C2065: 'ProgramCounter': undeclared identifier
c:\users\apaar\dropbox\c utilities\single file projects\tiny\tiny\tiny.c(745): error C2109: subscript requires array or pointer type
c:\users\apaar\dropbox\c utilities\single file projects\tiny\tiny\tiny.c(753): error C2065: 'StackSize': undeclared identifier
c:\users\apaar\dropbox\c utilities\single file projects\tiny\tiny\tiny.c(755): error C2065: 'ProgramCounter': undeclared identifier
c:\users\apaar\dropbox\c utilities\single file projects\tiny\tiny\tiny.c(755): error C2065: 'StackSize': undeclared identifier
c:\users\apaar\dropbox\c utilities\single file projects\tiny\tiny\tiny.c(759): error C2065: 'Stack': undeclared identifier
c:\users\apaar\dropbox\c utilities\single file projects\tiny\tiny\tiny.c(759): error C2065: 'StackSize': undeclared identifier
c:\users\apaar\dropbox\c utilities\single file projects\tiny\tiny\tiny.c(759): error C2109: subscript requires array or pointer type
c:\users\apaar\dropbox\c utilities\single file projects\tiny\tiny\tiny.c(764): error C2065: 'StackSize': undeclared identifier
c:\users\apaar\dropbox\c utilities\single file projects\tiny\tiny\tiny.c(766): error C2065: 'ProgramCounter': undeclared identifier
c:\users\apaar\dropbox\c utilities\single file projects\tiny\tiny\tiny.c(766): error C2065: 'Program': undeclared identifier
c:\users\apaar\dropbox\c utilities\single file projects\tiny\tiny\tiny.c(766): error C2109: subscript requires array or pointer type
c:\users\apaar\dropbox\c utilities\single file projects\tiny\tiny\tiny.c(770): error C2065: 'Stack': undeclared identifier
c:\users\apaar\dropbox\c utilities\single file projects\tiny\tiny\tiny.c(770): error C2065: 'StackSize': undeclared identifier
c:\users\apaar\dropbox\c utilities\single file projects\tiny\tiny\tiny.c(770): error C2109: subscript requires array or pointer type
c:\users\apaar\dropbox\c utilities\single file projects\tiny\tiny\tiny.c(770): warning C4033: 'DoPop' must return a value
c:\users\apaar\dropbox\c utilities\single file projects\tiny\tiny\tiny.c(766): warning C4473: 'fprintf' : not enough arguments passed for format string
  c:\users\apaar\dropbox\c utilities\single file projects\tiny\tiny\tiny.c(766): note: placeholders and their parameters expect 2 variadic arguments, but 1 were provided
  c:\users\apaar\dropbox\c utilities\single file projects\tiny\tiny\tiny.c(766): note: the missing variadic argument 2 is required by format string '%i'
c:\users\apaar\dropbox\c utilities\single file projects\tiny\tiny\tiny.c(796): warning C4047: 'function': 'Tiny_State *' differs in levels of indirection from 'int'
c:\users\apaar\dropbox\c utilities\single file projects\tiny\tiny\tiny.c(796): warning C4024: 'NewObject': different types for formal and actual parameter 1
c:\users\apaar\dropbox\c utilities\single file projects\tiny\tiny\tiny.c(796): error C2198: 'NewObject': too few arguments for call
c:\users\apaar\dropbox\c utilities\single file projects\tiny\tiny\tiny.c(808): warning C4028: formal parameter 1 different from declaration
c:\users\apaar\dropbox\c utilities\single file projects\tiny\tiny\tiny.c(808): warning C4029: declared formal parameter list different from definition
c:\users\apaar\dropbox\c utilities\single file projects\tiny\tiny\tiny.c(809): error C2065: 'IndirStack': undeclared identifier
c:\users\apaar\dropbox\c utilities\single file projects\tiny\tiny\tiny.c(809): error C2065: 'IndirStackSize': undeclared identifier
c:\users\apaar\dropbox\c utilities\single file projects\tiny\tiny\tiny.c(809): error C2109: subscript requires array or pointer type
c:\users\apaar\dropbox\c utilities\single file projects\tiny\tiny\tiny.c(810): error C2065: 'IndirStack': undeclared identifier
c:\users\apaar\dropbox\c utilities\single file projects\tiny\tiny\tiny.c(810): error C2065: 'IndirStackSize': undeclared identifier
c:\users\apaar\dropbox\c utilities\single file projects\tiny\tiny\tiny.c(810): error C2109: subscript requires array or pointer type
c:\users\apaar\dropbox\c utilities\single file projects\tiny\tiny\tiny.c(810): error C2065: 'FramePointer': undeclared identifier
c:\users\apaar\dropbox\c utilities\single file projects\tiny\tiny\tiny.c(811): error C2065: 'IndirStack': undeclared identifier
c:\users\apaar\dropbox\c utilities\single file projects\tiny\tiny\tiny.c(811): error C2065: 'IndirStackSize': undeclared identifier
c:\users\apaar\dropbox\c utilities\single file projects\tiny\tiny\tiny.c(811): error C2109: subscript requires array or pointer type
c:\users\apaar\dropbox\c utilities\single file projects\tiny\tiny\tiny.c(811): error C2065: 'ProgramCounter': undeclared identifier
c:\users\apaar\dropbox\c utilities\single file projects\tiny\tiny\tiny.c(813): error C2065: 'FramePointer': undeclared identifier
c:\users\apaar\dropbox\c utilities\single file projects\tiny\tiny\tiny.c(813): error C2065: 'StackSize': undeclared identifier
c:\users\apaar\dropbox\c utilities\single file projects\tiny\tiny\tiny.c(818): error C2065: 'StackSize': undeclared identifier
c:\users\apaar\dropbox\c utilities\single file projects\tiny\tiny\tiny.c(818): error C2065: 'FramePointer': undeclared identifier
c:\users\apaar\dropbox\c utilities\single file projects\tiny\tiny\tiny.c(820): error C2065: 'IndirStack': undeclared identifier
c:\users\apaar\dropbox\c utilities\single file projects\tiny\tiny\tiny.c(820): error C2065: 'IndirStackSize': undeclared identifier
c:\users\apaar\dropbox\c utilities\single file projects\tiny\tiny\tiny.c(820): error C2109: subscript requires array or pointer type
c:\users\apaar\dropbox\c utilities\single file projects\tiny\tiny\tiny.c(821): error C2065: 'IndirStack': undeclared identifier
c:\users\apaar\dropbox\c utilities\single file projects\tiny\tiny\tiny.c(821): error C2065: 'IndirStackSize': undeclared identifier
c:\users\apaar\dropbox\c utilities\single file projects\tiny\tiny\tiny.c(821): error C2109: subscript requires array or pointer type
c:\users\apaar\dropbox\c utilities\single file projects\tiny\tiny\tiny.c(822): error C2065: 'IndirStack': undeclared identifier
c:\users\apaar\dropbox\c utilities\single file projects\tiny\tiny\tiny.c(822): error C2065: 'IndirStackSize': undeclared identifier
c:\users\apaar\dropbox\c utilities\single file projects\tiny\tiny\tiny.c(822): error C2109: subscript requires array or pointer type
c:\users\apaar\dropbox\c utilities\single file projects\tiny\tiny\tiny.c(824): error C2065: 'StackSize': undeclared identifier
c:\users\apaar\dropbox\c utilities\single file projects\tiny\tiny\tiny.c(825): error C2065: 'FramePointer': undeclared identifier
c:\users\apaar\dropbox\c utilities\single file projects\tiny\tiny\tiny.c(826): error C2065: 'ProgramCounter': undeclared identifier
c:\users\apaar\dropbox\c utilities\single file projects\tiny\tiny\tiny.c(830): warning C4026: function declared with formal parameter list
c:\users\apaar\dropbox\c utilities\single file projects\tiny\tiny\tiny.c(831): error C2065: 'Program': undeclared identifier
c:\users\apaar\dropbox\c utilities\single file projects\tiny\tiny\tiny.c(831): error C2065: 'ProgramCounter': undeclared identifier
c:\users\apaar\dropbox\c utilities\single file projects\tiny\tiny\tiny.c(831): error C2109: subscript requires array or pointer type
c:\users\apaar\dropbox\c utilities\single file projects\tiny\tiny\tiny.c(831): fatal error C1003: error count exceeds 100; stopping compilation
  test.c
  iniparser.c
  dict.c
c:\users\apaar\dropbox\c utilities\single file projects\tiny\tiny\dict.c(116): warning C4013: 'assert' undefined; assuming extern returning int
c:\users\apaar\dropbox\c utilities\single file projects\tiny\tiny\dict.c(167): warning C4090: 'function': different 'const' qualifiers
c:\users\apaar\dropbox\c utilities\single file projects\tiny\tiny\dict.c(194): error C2065: 'array': undeclared identifier
c:\users\apaar\dropbox\c utilities\single file projects\tiny\tiny\dict.c(194): error C2223: left of '->data' must point to struct/union
c:\users\apaar\dropbox\c utilities\single file projects\tiny\tiny\dict.c(194): error C2223: left of '->length' must point to struct/union
c:\users\apaar\dropbox\c utilities\single file projects\tiny\tiny\dict.c(194): error C2223: left of '->itemSize' must point to struct/union
c:\users\apaar\dropbox\c utilities\single file projects\tiny\tiny\dict.c(194): error C2198: 'memset': too few arguments for call
  array.c
  Generating Code...
